<?xml version="1.0" encoding="UTF-8"?>
<!-- Generated by org.testng.reporters.JUnitReportReporter -->
<testsuite hostname="DESKTOP-JD89SLV" failures="0" tests="1" name="exploretickets.TestNg" time="0.016" errors="0" timestamp="18 Oct 2018 02:19:39 GMT" skipped="0">
  <testcase classname="exploretickets.TestNg" name="Google" time="0.016"/>
</testsuite> <!-- exploretickets.TestNg -->
