<?xml version="1.0" encoding="UTF-8"?>
<!-- Generated by org.testng.reporters.JUnitReportReporter -->
<testsuite hostname="DESKTOP-JD89SLV" failures="0" tests="5" name="exploretickets.InvocationtestNG" time="0.008" errors="0" timestamp="09 Oct 2018 03:14:56 GMT" skipped="0">
  <testcase classname="exploretickets.InvocationtestNG" name="sum" time="0.001"/>
  <testcase classname="exploretickets.InvocationtestNG" name="sum" time="0.001"/>
  <testcase classname="exploretickets.InvocationtestNG" name="sum" time="0.003"/>
  <testcase classname="exploretickets.InvocationtestNG" name="sum" time="0.000"/>
  <testcase classname="exploretickets.InvocationtestNG" name="sum" time="0.003"/>
</testsuite> <!-- exploretickets.InvocationtestNG -->
